<?xml version="1.0" encoding="UTF-8"?>
<!-- Generated by org.testng.reporters.JUnitReportReporter -->
<testsuite hostname="shirins-air.wireless.concordia.ca" failures="0" tests="1" name="com.saucedemo.selenium.login.sac" time="1.350" errors="0" timestamp="2023-03-03T13:27:46 EST" skipped="0">
  <testcase classname="com.saucedemo.selenium.login.sac" name="swagLabsLoginTest" time="1.350"/>
  <system-out/>
</testsuite> <!-- com.saucedemo.selenium.login.sac -->
