<?xml version="1.0" encoding="UTF-8"?>
<!-- Generated by org.testng.reporters.JUnitReportReporter -->
<testsuite hostname="shirins-MacBook-Air.local" failures="0" tests="1" name="com.lambdatest.ExtentReport" time="22.880" errors="0" timestamp="2023-03-01T11:51:12 EST" skipped="0">
  <testcase classname="com.lambdatest.ExtentReport" name="openingPage" time="22.880"/>
  <system-out/>
</testsuite> <!-- com.lambdatest.ExtentReport -->
