<?xml version="1.0" encoding="UTF-8"?>
<!-- Generated by org.testng.reporters.JUnitReportReporter -->
<testsuite hostname="shirins-MacBook-Air.local" failures="0" tests="1" name="com.browserstack.a" time="0.000" errors="0" timestamp="2023-02-16T12:37:49 EST" skipped="1">
  <testcase classname="com.browserstack.a" name="openingPage" time="0.000">
    <skipped/>
  </testcase> <!-- openingPage -->
  <system-out/>
</testsuite> <!-- com.browserstack.a -->
