<?xml version="1.0" encoding="UTF-8"?>
<!-- Generated by org.testng.reporters.JUnitReportReporter -->
<testsuite hostname="shirins-MacBook-Air.local" failures="0" tests="1" name="com.saucedemo.selenium.login.a$baseReport" time="6.442" errors="0" timestamp="2023-02-15T19:58:05 EST" skipped="0">
  <testcase classname="com.saucedemo.selenium.login.a$baseReport" name="swagLabsLoginTest" time="6.442"/>
  <system-out/>
</testsuite> <!-- com.saucedemo.selenium.login.a$baseReport -->
