<?xml version="1.0" encoding="UTF-8"?>
<!-- Generated by org.testng.reporters.JUnitReportReporter -->
<testsuite hostname="shirins-air.wireless.concordia.ca" failures="0" tests="19" name="planbox.SanityTestOveral" time="687.839" errors="0" timestamp="2023-03-07T16:47:15 EST" skipped="0">
  <testcase classname="planbox.SanityTestOveral" name="main" time="28.665"/>
  <system-out/>
  <testcase classname="planbox.SanityTestOveral" name="main" time="28.976"/>
  <system-out/>
  <testcase classname="planbox.SanityTestOveral" name="main" time="42.379"/>
  <system-out/>
  <testcase classname="planbox.SanityTestOveral" name="main" time="36.773"/>
  <system-out/>
  <testcase classname="planbox.SanityTestOveral" name="main" time="43.879"/>
  <system-out/>
  <testcase classname="planbox.SanityTestOveral" name="main" time="29.651"/>
  <system-out/>
  <testcase classname="planbox.SanityTestOveral" name="main" time="35.544"/>
  <system-out/>
  <testcase classname="planbox.SanityTestOveral" name="main" time="24.010"/>
  <system-out/>
  <testcase classname="planbox.SanityTestOveral" name="main" time="41.368"/>
  <system-out/>
  <testcase classname="planbox.SanityTestOveral" name="main" time="37.027"/>
  <system-out/>
  <testcase classname="planbox.SanityTestOveral" name="main" time="36.216"/>
  <system-out/>
  <testcase classname="planbox.SanityTestOveral" name="main" time="45.390"/>
  <system-out/>
  <testcase classname="planbox.SanityTestOveral" name="main" time="33.385"/>
  <system-out/>
  <testcase classname="planbox.SanityTestOveral" name="main" time="30.680"/>
  <system-out/>
  <testcase classname="planbox.SanityTestOveral" name="main" time="38.760"/>
  <system-out/>
  <testcase classname="planbox.SanityTestOveral" name="main" time="32.146"/>
  <system-out/>
  <testcase classname="planbox.SanityTestOveral" name="main" time="33.971"/>
  <system-out/>
  <testcase classname="planbox.SanityTestOveral" name="main" time="39.898"/>
  <system-out/>
  <testcase classname="planbox.SanityTestOveral" name="main" time="49.121"/>
  <system-out/>
</testsuite> <!-- planbox.SanityTestOveral -->
