<?xml version="1.0" encoding="UTF-8"?>
<!-- Generated by org.testng.reporters.JUnitReportReporter -->
<testsuite hostname="shirins-MacBook-Air.local" failures="0" tests="1" name="com.browserstack.testonchallengeview" time="5.541" errors="0" timestamp="2023-02-16T12:41:38 EST" skipped="0">
  <testcase classname="com.browserstack.testonchallengeview" name="openingPage" time="5.541"/>
  <system-out/>
</testsuite> <!-- com.browserstack.testonchallengeview -->
