<?xml version="1.0" encoding="UTF-8"?>
<!-- Generated by org.testng.reporters.JUnitReportReporter -->
<testsuite hostname="shirins-MacBook-Air.local" failures="0" tests="1" name="planbox.testonchallengeview" time="4.753" errors="0" timestamp="2023-02-16T12:40:00 EST" skipped="0">
  <testcase classname="planbox.testonchallengeview" name="openingPage" time="4.753"/>
  <system-out/>
</testsuite> <!-- planbox.testonchallengeview -->
